<?xml version="1.0" encoding="UTF-8"?>
<testsuite xmlns:xsi="http://www.w3.org/2001/XMLSchema-instance" xsi:noNamespaceSchemaLocation="https://maven.apache.org/surefire/maven-surefire-plugin/xsd/surefire-test-report-3.0.xsd" version="3.0" name="com.kafka.demo.producer.controller.KafkaControllerTests" time="9.533" tests="2" errors="0" skipped="0" failures="0">
  <properties>
[...]
</properties>
  <testcase name="publishTest" classname="com.kafka.demo.producer.controller.KafkaControllerTests" time="1.094">
    <system-out><![CDATA[20:47:09.452 [main] INFO org.springframework.test.context.support.AnnotationConfigContextLoaderUtils -- Could not detect default configuration classes for test class [com.kafka.demo.producer.controller.KafkaControllerTests]: KafkaControllerTests does not declare any static, non-private, non-final, nested classes annotated with @Configuration.
20:47:10.045 [main] INFO org.springframework.boot.test.context.SpringBootTestContextBootstrapper -- Found @SpringBootConfiguration com.kafka.demo.producer.KafkaDemoProducerApplication for test class com.kafka.demo.producer.controller.KafkaControllerTests

  .   ____          _            __ _ _
 /\\ / ___'_ __ _ _(_)_ __  __ _ \ \ \ \
( ( )\___ | '_ | '_| | '_ \/ _` | \ \ \ \
 \\/  ___)| |_)| | | | | || (_| |  ) ) ) )
  '  |____| .__|_| |_|_| |_\__, | / / / /
 =========|_|==============|___/=/_/_/_/
 :: Spring Boot ::                (v3.2.4)

2024-03-26T20:47:11.548+01:00  INFO 24380 --- [KAFKA-PRODUCER] [           main] c.k.d.p.controller.KafkaControllerTests  : Starting KafkaControllerTests using Java 17.0.9 with PID 24380 (started by Mohit Kumar in E:\eclipse-workspace\kafka-demo-producer)
2024-03-26T20:47:11.550+01:00 DEBUG 24380 --- [KAFKA-PRODUCER] [           main] c.k.d.p.controller.KafkaControllerTests  : Running with Spring Boot v3.2.4, Spring v6.1.5
2024-03-26T20:47:11.551+01:00  INFO 24380 --- [KAFKA-PRODUCER] [           main] c.k.d.p.controller.KafkaControllerTests  : No active profile set, falling back to 1 default profile: "default"
2024-03-26T20:47:16.577+01:00  INFO 24380 --- [KAFKA-PRODUCER] [           main] o.s.b.t.m.w.SpringBootMockServletContext : Initializing Spring TestDispatcherServlet ''
2024-03-26T20:47:16.577+01:00  INFO 24380 --- [KAFKA-PRODUCER] [           main] o.s.t.web.servlet.TestDispatcherServlet  : Initializing Servlet ''
2024-03-26T20:47:16.581+01:00  INFO 24380 --- [KAFKA-PRODUCER] [           main] o.s.t.web.servlet.TestDispatcherServlet  : Completed initialization in 1 ms
2024-03-26T20:47:16.649+01:00  INFO 24380 --- [KAFKA-PRODUCER] [           main] c.k.d.p.controller.KafkaControllerTests  : Started KafkaControllerTests in 6.397 seconds (process running for 10.103)

MockHttpServletRequest:
      HTTP Method = POST
      Request URI = /api/v1/kafka/publish
       Parameters = {}
          Headers = [Content-Type:"application/json", Content-Length:"620"]
             Body = <no character encoding set>
    Session Attrs = {}

Handler:
             Type = com.kafka.demo.producer.controller.KafkaController
           Method = com.kafka.demo.producer.controller.KafkaController#publish(CustomerInfo)

Async:
    Async started = false
     Async result = null

Resolved Exception:
             Type = null

ModelAndView:
        View name = null
             View = null
            Model = null

FlashMap:
       Attributes = null

MockHttpServletResponse:
           Status = 200
    Error message = null
          Headers = [Content-Type:"text/plain;charset=UTF-8", Content-Length:"29"]
     Content type = text/plain;charset=UTF-8
             Body = Event published successfully.
    Forwarded URL = null
   Redirected URL = null
          Cookies = []
]]></system-out>
  </testcase>
  <testcase name="publishTestInvalidData" classname="com.kafka.demo.producer.controller.KafkaControllerTests" time="0.386">
    <system-out><![CDATA[
MockHttpServletRequest:
      HTTP Method = POST
      Request URI = /api/v1/kafka/publish
       Parameters = {}
          Headers = [Content-Type:"application/json", Content-Length:"621"]
             Body = <no character encoding set>
    Session Attrs = {}

Handler:
             Type = com.kafka.demo.producer.controller.KafkaController
           Method = com.kafka.demo.producer.controller.KafkaController#publish(CustomerInfo)

Async:
    Async started = false
     Async result = null

Resolved Exception:
             Type = org.springframework.web.bind.MethodArgumentNotValidException

ModelAndView:
        View name = null
             View = null
            Model = null

FlashMap:
       Attributes = null

MockHttpServletResponse:
           Status = 400
    Error message = null
          Headers = [Content-Type:"application/json"]
     Content type = application/json
             Body = {"status":"BAD_REQUEST","errorMessage":"Validation error. Check 'errors' field for details.","errors":[{"field":"customers[0].email","message":"must be a well-formed email address"}]}
    Forwarded URL = null
   Redirected URL = null
          Cookies = []
]]></system-out>
  </testcase>
</testsuite>